<?xml version="1.0" encoding="UTF-8" ?>
<testsuites disabled="0" errors="0" failures="0" tests="1" time="0.977">
 <testsuite name="workspace-project App" timestamp="2020-10-18T23:01:19" hostname="localhost" time="0.977" errors="0" tests="1" skipped="0" disabled="0" failures="0">
  <testcase classname="workspace-project App" name="should display welcome message" time="0.975" />
 </testsuite>
</testsuites>